0 info it worked if it ends with ok
1 verbose cli [ 'node', '/usr/local/bin/npm', 'restart' ]
2 info using npm@3.10.5
3 info using node@v0.13.0-pre
4 verbose run-script [ 'prerestart',
4 verbose run-script   'prestop',
4 verbose run-script   'stop',
4 verbose run-script   'poststop',
4 verbose run-script   'restart',
4 verbose run-script   'prestart',
4 verbose run-script   'start',
4 verbose run-script   'poststart',
4 verbose run-script   'postrestart' ]
5 info lifecycle newedenfaces@1.0.0~prerestart: newedenfaces@1.0.0
6 silly lifecycle newedenfaces@1.0.0~prerestart: no script for prerestart, continuing
7 info lifecycle newedenfaces@1.0.0~prestop: newedenfaces@1.0.0
8 silly lifecycle newedenfaces@1.0.0~prestop: no script for prestop, continuing
9 info lifecycle newedenfaces@1.0.0~stop: newedenfaces@1.0.0
10 silly lifecycle newedenfaces@1.0.0~stop: no script for stop, continuing
11 info lifecycle newedenfaces@1.0.0~poststop: newedenfaces@1.0.0
12 silly lifecycle newedenfaces@1.0.0~poststop: no script for poststop, continuing
13 info lifecycle newedenfaces@1.0.0~restart: newedenfaces@1.0.0
14 silly lifecycle newedenfaces@1.0.0~restart: no script for restart, continuing
15 info lifecycle newedenfaces@1.0.0~prestart: newedenfaces@1.0.0
16 silly lifecycle newedenfaces@1.0.0~prestart: no script for prestart, continuing
17 info lifecycle newedenfaces@1.0.0~start: newedenfaces@1.0.0
18 verbose lifecycle newedenfaces@1.0.0~start: unsafe-perm in lifecycle true
19 verbose lifecycle newedenfaces@1.0.0~start: PATH: /usr/local/lib/node_modules/npm/bin/node-gyp-bin:/Development/newedenfaces/node_modules/.bin:/usr/local/bin:/usr/local/sbin:/usr/local/bin:/usr/sbin:/usr/bin:/sbin:/bin
20 verbose lifecycle newedenfaces@1.0.0~start: CWD: /Development/newedenfaces
21 silly lifecycle newedenfaces@1.0.0~start: Args: [ '-c', 'node server.js' ]
22 silly lifecycle newedenfaces@1.0.0~start: Returned: code: 1  signal: null
23 info lifecycle newedenfaces@1.0.0~start: Failed to exec start script
24 verbose stack Error: newedenfaces@1.0.0 start: `node server.js`
24 verbose stack Exit status 1
24 verbose stack     at EventEmitter.<anonymous> (/usr/local/lib/node_modules/npm/lib/utils/lifecycle.js:242:16)
24 verbose stack     at EventEmitter.emit (events.js:112:17)
24 verbose stack     at ChildProcess.<anonymous> (/usr/local/lib/node_modules/npm/lib/utils/spawn.js:40:14)
24 verbose stack     at ChildProcess.emit (events.js:112:17)
24 verbose stack     at maybeClose (child_process.js:1017:16)
24 verbose stack     at Process.ChildProcess._handle.onexit (child_process.js:1089:5)
25 verbose pkgid newedenfaces@1.0.0
26 verbose cwd /Development/newedenfaces
27 error Linux 4.1.17-22.30.amzn1.x86_64
28 error argv "node" "/usr/local/bin/npm" "restart"
29 error node v0.13.0-pre
30 error npm  v3.10.5
31 error code ELIFECYCLE
32 error newedenfaces@1.0.0 start: `node server.js`
32 error Exit status 1
33 error Failed at the newedenfaces@1.0.0 start script 'node server.js'.
33 error Make sure you have the latest version of node.js and npm installed.
33 error If you do, this is most likely a problem with the newedenfaces package,
33 error not with npm itself.
33 error Tell the author that this fails on your system:
33 error     node server.js
33 error You can get information on how to open an issue for this project with:
33 error     npm bugs newedenfaces
33 error Or if that isn't available, you can get their info via:
33 error     npm owner ls newedenfaces
33 error There is likely additional logging output above.
34 verbose exit [ 1, true ]
